555852     Tapered     Screw     Teks     1    0
879852     Tapered     Screw     Drywall     2    1
589257     Tapered     Screw     Chipboard     2    0
159258     Tapered     Screw     Deck     3    2
122896     Tapered     Screw     Dowel     5    3
158258     Tapered     Screw     Eye     4    4
257569     Non-tapered     Bolt     Breakaway     1    0
158589     Non-tapered     Bolt     Tap     6    3
257963     Non-tapered     Bolt     Eye     1    0
444896     Non-tapered     Bolt     Stripper     3    0
145874     Non-tapered     Bolt     Plow     4    1
665854     Non-tapered     Bolt     String     1    1
455654     Non-tapered     Bolt     Titanium     2    2
592777     Non-tapered     Bolt     Stove     2    2
133555     Tapered     Screw     Sheet-metal     1    3
258951     Non-tapered     Bolt     Hex     2    2
587668     Non-tapered     Bolt     Stud     0    1
111222     Tapered     Screw     Coach     2    3
123456     Tapered     Screw     Wood     4    9
147258     Tapered     Screw     Taptite     9    3
888444     Non-tapered     Bolt     Carriage     0    0
166025     Tapered     Screw     Concrete     2    1
158888     Tapered     Screw     Titanium     2    0
578596     Non-tapered     Bolt     Toggle     7    0
