Part No    ************ Description ************
555852    Tapered            Screw       Teks
879852    Tapered            Screw       Drywall
589257    Tapered            Screw       Chipboard
159258    Tapered            Screw       Deck
122896    Tapered            Screw       Dowel
158258    Tapered            Screw       Eye
257569    Non-tapered            Bolt       Breakaway
158589    Non-tapered            Bolt       Tap
257963    Non-tapered            Bolt       Eye
444896    Non-tapered            Bolt       Stripper
145874    Non-tapered            Bolt       Plow
665854    Non-tapered            Bolt       String
455654    Non-tapered            Bolt       Titanium
592777    Non-tapered            Bolt       Stove
133555    Tapered            Screw       Sheet-metal
258951    Non-tapered            Bolt       Hex
587668    Non-tapered            Bolt       Stud
111222    Tapered            Screw       Coach
123456    Tapered            Screw       Wood
147258    Tapered            Screw       Taptite
888444    Non-tapered            Bolt       Carriage
166025    Tapered            Screw       Concrete
158888    Tapered            Screw       Titanium
578596    Non-tapered            Bolt       Toggle
                       
                       
                       
                       
                       
                       
                       
                       
                       
                       
                       
                       
                       
                       
                       
                       
                       
                       
                       
                       
                       
                       
                       
                       
